Arguments: 
  /usr/local/bin/node /usr/local/bin/yarn add babel-node

PATH: 
  /Users/luonan/.autojump/bin:/Users/luonan/repos/go_path/bin/:/usr/local/bin:/usr/bin:/bin:/usr/sbin:/sbin:/Users/luonan/.autojump/bin

Yarn version: 
  1.7.0

Node version: 
  8.9.4

Platform: 
  darwin x64

Trace: 
  SyntaxError: /Users/luonan/Sites/Babel/poly/package.json: Unexpected end of JSON input
      at JSON.parse (<anonymous>)
      at /usr/local/lib/node_modules/yarn/lib/cli.js:1130:59
      at Generator.next (<anonymous>)
      at step (/usr/local/lib/node_modules/yarn/lib/cli.js:98:30)
      at /usr/local/lib/node_modules/yarn/lib/cli.js:109:13
      at <anonymous>

npm manifest: 
  

yarn manifest: 
  No manifest

Lockfile: 
  No lockfile
